<?xml version="1.0" encoding="UTF-8"?>
<!-- Generated by org.testng.reporters.JUnitReportReporter -->
<testsuite hostname="LNDB1112" name="test.HoverTestClass" tests="2" failures="0" timestamp="2 Jul 2018 13:07:13 GMT" time="0.244" errors="0">
  <testcase name="hover_element" time="0.083" classname="test.HoverTestClass"/>
  <testcase name="click_gonext" time="0.161" classname="test.HoverTestClass"/>
</testsuite> <!-- test.HoverTestClass -->
