<?xml version="1.0" encoding="UTF-8"?>
<!-- Generated by org.testng.reporters.JUnitReportReporter -->
<testsuite hostname="LNDB1112" name="test.HomeTestClass" tests="2" failures="0" timestamp="27 Jun 2018 08:36:22 GMT" time="0.653" errors="0">
  <testcase name="Step01_Launch_Homepage" time="0.451" classname="test.HomeTestClass"/>
  <testcase name="STEP02_Click_Link" time="0.202" classname="test.HomeTestClass"/>
</testsuite> <!-- test.HomeTestClass -->
