<?xml version="1.0" encoding="UTF-8"?>
<!-- Generated by org.testng.reporters.JUnitReportReporter -->
<testsuite hostname="LNDB1112" name="test.HomeTestClass" tests="2" failures="0" timestamp="2 Jul 2018 13:07:13 GMT" time="2.558" errors="0">
  <testcase name="Step01_Launch_Homepage" time="2.343" classname="test.HomeTestClass"/>
  <testcase name="STEP02_Click_Link" time="0.215" classname="test.HomeTestClass"/>
</testsuite> <!-- test.HomeTestClass -->
