<?xml version="1.0" encoding="UTF-8"?>
<!-- Generated by org.testng.reporters.JUnitReportReporter -->
<testsuite hostname="LNDB1112" name="test.QueryGateTestClass" tests="1" failures="0" timestamp="2 Jul 2018 13:07:13 GMT" time="1.288" errors="0">
  <testcase name="connect_database_test" time="1.288" classname="test.QueryGateTestClass"/>
</testsuite> <!-- test.QueryGateTestClass -->
