<?xml version="1.0" encoding="UTF-8"?>
<!-- Generated by org.testng.reporters.JUnitReportReporter -->
<testsuite hostname="LNDB1112" name="test.FileReadTestClass" tests="1" failures="0" timestamp="2 Jul 2018 13:07:13 GMT" time="0.985" errors="0">
  <testcase name="read" time="0.985" classname="test.FileReadTestClass"/>
</testsuite> <!-- test.FileReadTestClass -->
