<?xml version="1.0" encoding="UTF-8"?>
<!-- Generated by org.testng.reporters.JUnitReportReporter -->
<testsuite hostname="LNDB1112" name="test.abc" tests="1" failures="0" timestamp="25 Jun 2018 08:52:41 GMT" time="0.017" errors="0">
  <testcase name="demo1" time="0.017" classname="test.abc"/>
</testsuite> <!-- test.abc -->
