<?xml version="1.0" encoding="UTF-8"?>
<!-- Generated by org.testng.reporters.JUnitReportReporter -->
<testsuite hostname="LNDB1112" name="test.HomePage" tests="1" failures="0" timestamp="25 Jun 2018 08:52:41 GMT" time="0.002" errors="0">
  <testcase name="demo1" time="0.002" classname="test.HomePage"/>
</testsuite> <!-- test.HomePage -->
