<?xml version="1.0" encoding="UTF-8"?>
<!-- Generated by org.testng.reporters.JUnitReportReporter -->
<testsuite hostname="LNDB1112" name="test.HoverTestClass" tests="2" failures="0" timestamp="27 Jun 2018 08:36:22 GMT" time="0.224" errors="0">
  <testcase name="hover_element" time="0.075" classname="test.HoverTestClass"/>
  <testcase name="click_gonext" time="0.149" classname="test.HoverTestClass"/>
</testsuite> <!-- test.HoverTestClass -->
