<?xml version="1.0" encoding="UTF-8"?>
<!-- Generated by org.testng.reporters.JUnitReportReporter -->
<testsuite hostname="LNDB1112" name="test.RestTestClass" tests="2" failures="0" timestamp="2 Jul 2018 13:07:12 GMT" time="0.360" errors="0">
  <testcase name="Step01_Launch" time="0.130" classname="test.RestTestClass"/>
  <testcase name="generatetoken" time="0.230" classname="test.RestTestClass"/>
</testsuite> <!-- test.RestTestClass -->
