<?xml version="1.0" encoding="UTF-8"?>
<!-- Generated by org.testng.reporters.JUnitReportReporter -->
<testsuite hostname="LNDB1112" name="test.QueryGateTestClass" tests="1" failures="0" timestamp="27 Jun 2018 08:36:22 GMT" time="2.896" errors="0">
  <testcase name="connect_database_test" time="2.896" classname="test.QueryGateTestClass"/>
</testsuite> <!-- test.QueryGateTestClass -->
