<?xml version="1.0" encoding="UTF-8"?>
<!-- Generated by org.testng.reporters.JUnitReportReporter -->
<testsuite hostname="LNDB1112" name="test.java.Home_page" tests="1" failures="0" timestamp="25 Jun 2018 08:48:07 GMT" time="0.015" errors="0">
  <testcase name="demo1" time="0.015" classname="test.java.Home_page"/>
</testsuite> <!-- test.java.Home_page -->
